This is pdfTeX, Version 3.141592653-2.6-1.40.27 (MiKTeX 25.2) (preloaded format=pdflatex 2025.2.25)  25 FEB 2025 14:50
entering extended mode
 restricted \write18 enabled.
 file:line:error style messages enabled.
 %&-line parsing enabled.
**c:/Users/huang/Documents/CSC475/sound-visualizer/latex-stuff/project_design_specs.tex
(c:/Users/huang/Documents/CSC475/sound-visualizer/latex-stuff/project_design_specs.tex
LaTeX2e <2023-11-01> patch level 1
L3 programming layer <2024-01-04>
(C:\Users\huang\AppData\Local\Programs\MiKTeX\tex/latex/base\article.cls
Document Class: article 2023/05/17 v1.4n Standard LaTeX document class
(C:\Users\huang\AppData\Local\Programs\MiKTeX\tex/latex/base\size10.clo
File: size10.clo 2023/05/17 v1.4n Standard LaTeX file (size option)
)
\c@part=\count187
\c@section=\count188
\c@subsection=\count189
\c@subsubsection=\count190
\c@paragraph=\count191
\c@subparagraph=\count192
\c@figure=\count193
\c@table=\count194
\abovecaptionskip=\skip48
\belowcaptionskip=\skip49
\bibindent=\dimen140
) (C:\Users\huang\AppData\Local\Programs\MiKTeX\tex/latex/base\fontenc.sty
Package: fontenc 2021/04/29 v2.0v Standard LaTeX package
) (C:\Users\huang\AppData\Local\Programs\MiKTeX\tex/latex/base\inputenc.sty
Package: inputenc 2021/02/14 v1.3d Input encoding file
\inpenc@prehook=\toks17
\inpenc@posthook=\toks18
) (ismir.sty (C:\Users\huang\AppData\Local\Programs\MiKTeX\tex/latex/lineno\lineno.sty
Package: lineno 2025/01/29 line numbers on paragraphs v5.4
 (C:\Users\huang\AppData\Local\Programs\MiKTeX\tex/latex/etoolbox\etoolbox.sty
Package: etoolbox 2020/10/05 v2.5k e-TeX tools for LaTeX (JAW)
\etb@tempcnta=\count195
) (C:\Users\huang\AppData\Local\Programs\MiKTeX\tex/latex/kvoptions\kvoptions.sty
Package: kvoptions 2022-06-15 v3.15 Key value format for package options (HO)
 (C:\Users\huang\AppData\Local\Programs\MiKTeX\tex/latex/graphics\keyval.sty
Package: keyval 2022/05/29 v1.15 key=value parser (DPC)
\KV@toks@=\toks19
) (C:\Users\huang\AppData\Local\Programs\MiKTeX\tex/generic/ltxcmds\ltxcmds.sty
Package: ltxcmds 2023-12-04 v1.26 LaTeX kernel commands for general use (HO)
) (C:\Users\huang\AppData\Local\Programs\MiKTeX\tex/latex/kvsetkeys\kvsetkeys.sty
Package: kvsetkeys 2022-10-05 v1.19 Key value parser (HO)
))
\linenopenalty=\count196
\output=\toks20
\linenoprevgraf=\count197
\linenumbersep=\dimen141
\linenumberwidth=\dimen142
\c@linenumber=\count198
\c@pagewiselinenumber=\count199
\c@LN@truepage=\count266
\c@internallinenumber=\count267
\c@internallinenumbers=\count268
\quotelinenumbersep=\dimen143
\bframerule=\dimen144
\bframesep=\dimen145
\bframebox=\box51
LaTeX Info: Redefining \\ on input line 3187.
)) (C:\Users\huang\AppData\Local\Programs\MiKTeX\tex/latex/amsmath\amsmath.sty
Package: amsmath 2024/11/05 v2.17t AMS math features
\@mathmargin=\skip50

For additional information on amsmath, use the `?' option.
(C:\Users\huang\AppData\Local\Programs\MiKTeX\tex/latex/amsmath\amstext.sty
Package: amstext 2021/08/26 v2.01 AMS text
 (C:\Users\huang\AppData\Local\Programs\MiKTeX\tex/latex/amsmath\amsgen.sty
File: amsgen.sty 1999/11/30 v2.0 generic functions
\@emptytoks=\toks21
\ex@=\dimen146
)) (C:\Users\huang\AppData\Local\Programs\MiKTeX\tex/latex/amsmath\amsbsy.sty
Package: amsbsy 1999/11/29 v1.2d Bold Symbols
\pmbraise@=\dimen147
) (C:\Users\huang\AppData\Local\Programs\MiKTeX\tex/latex/amsmath\amsopn.sty
Package: amsopn 2022/04/08 v2.04 operator names
)
\inf@bad=\count269
LaTeX Info: Redefining \frac on input line 233.
\uproot@=\count270
\leftroot@=\count271
LaTeX Info: Redefining \overline on input line 398.
LaTeX Info: Redefining \colon on input line 409.
\classnum@=\count272
\DOTSCASE@=\count273
LaTeX Info: Redefining \ldots on input line 495.
LaTeX Info: Redefining \dots on input line 498.
LaTeX Info: Redefining \cdots on input line 619.
\Mathstrutbox@=\box52
\strutbox@=\box53
LaTeX Info: Redefining \big on input line 721.
LaTeX Info: Redefining \Big on input line 722.
LaTeX Info: Redefining \bigg on input line 723.
LaTeX Info: Redefining \Bigg on input line 724.
\big@size=\dimen148
LaTeX Font Info:    Redeclaring font encoding OML on input line 742.
LaTeX Font Info:    Redeclaring font encoding OMS on input line 743.
\macc@depth=\count274
LaTeX Info: Redefining \bmod on input line 904.
LaTeX Info: Redefining \pmod on input line 909.
LaTeX Info: Redefining \smash on input line 939.
LaTeX Info: Redefining \relbar on input line 969.
LaTeX Info: Redefining \Relbar on input line 970.
\c@MaxMatrixCols=\count275
\dotsspace@=\muskip16
\c@parentequation=\count276
\dspbrk@lvl=\count277
\tag@help=\toks22
\row@=\count278
\column@=\count279
\maxfields@=\count280
\andhelp@=\toks23
\eqnshift@=\dimen149
\alignsep@=\dimen150
\tagshift@=\dimen151
\tagwidth@=\dimen152
\totwidth@=\dimen153
\lineht@=\dimen154
\@envbody=\toks24
\multlinegap=\skip51
\multlinetaggap=\skip52
\mathdisplay@stack=\toks25
LaTeX Info: Redefining \[ on input line 2953.
LaTeX Info: Redefining \] on input line 2954.
)
\@LN@amsmath@ams@eqpen=\count281
 (cite.sty
LaTeX Info: Redefining \cite on input line 302.
LaTeX Info: Redefining \nocite on input line 332.
Package: cite 2015/02/27  v 5.5
) (C:\Users\huang\AppData\Local\Programs\MiKTeX\tex/latex/url\url.sty
\Urlmuskip=\muskip17
Package: url 2013/09/16  ver 3.4  Verb mode for urls, etc.
) (C:\Users\huang\AppData\Local\Programs\MiKTeX\tex/latex/graphics\graphicx.sty
Package: graphicx 2021/09/16 v1.2d Enhanced LaTeX Graphics (DPC,SPQR)
 (C:\Users\huang\AppData\Local\Programs\MiKTeX\tex/latex/graphics\graphics.sty
Package: graphics 2022/03/10 v1.4e Standard LaTeX Graphics (DPC,SPQR)
 (C:\Users\huang\AppData\Local\Programs\MiKTeX\tex/latex/graphics\trig.sty
Package: trig 2021/08/11 v1.11 sin cos tan (DPC)
) (C:\Users\huang\AppData\Local\Programs\MiKTeX\tex/latex/graphics-cfg\graphics.cfg
File: graphics.cfg 2016/06/04 v1.11 sample graphics configuration
)
Package graphics Info: Driver file: pdftex.def on input line 107.
 (C:\Users\huang\AppData\Local\Programs\MiKTeX\tex/latex/graphics-def\pdftex.def
File: pdftex.def 2022/09/22 v1.2b Graphics/color driver for pdftex
))
\Gin@req@height=\dimen155
\Gin@req@width=\dimen156
) (C:\Users\huang\AppData\Local\Programs\MiKTeX\tex/latex/graphics\color.sty
Package: color 2022/01/06 v1.3d Standard LaTeX Color (DPC)
 (C:\Users\huang\AppData\Local\Programs\MiKTeX\tex/latex/graphics-cfg\color.cfg
File: color.cfg 2016/01/02 v1.6 sample color configuration
)
Package color Info: Driver file: pdftex.def on input line 149.
 (C:\Users\huang\AppData\Local\Programs\MiKTeX\tex/latex/graphics\mathcolor.ltx))
LaTeX Font Info:    Trying to load font information for T1+ptm on input line 84.
 (C:\Users\huang\AppData\Local\Programs\MiKTeX\tex/latex/psnfss\t1ptm.fd
File: t1ptm.fd 2001/06/04 font definitions for T1/ptm.
) (C:\Users\huang\AppData\Local\Programs\MiKTeX\tex/latex/l3backend\l3backend-pdftex.def
File: l3backend-pdftex.def 2024-01-04 L3 backend support: PDF output (pdfTeX)
\l__color_backend_stack_int=\count282
\l__pdf_internal_box=\box54
) (project_design_specs.aux)
\openout1 = `project_design_specs.aux'.

LaTeX Font Info:    Checking defaults for OML/cmm/m/it on input line 84.
LaTeX Font Info:    ... okay on input line 84.
LaTeX Font Info:    Checking defaults for OMS/cmsy/m/n on input line 84.
LaTeX Font Info:    ... okay on input line 84.
LaTeX Font Info:    Checking defaults for OT1/cmr/m/n on input line 84.
LaTeX Font Info:    ... okay on input line 84.
LaTeX Font Info:    Checking defaults for T1/cmr/m/n on input line 84.
LaTeX Font Info:    ... okay on input line 84.
LaTeX Font Info:    Checking defaults for TS1/cmr/m/n on input line 84.
LaTeX Font Info:    ... okay on input line 84.
LaTeX Font Info:    Checking defaults for OMX/cmex/m/n on input line 84.
LaTeX Font Info:    ... okay on input line 84.
LaTeX Font Info:    Checking defaults for U/cmr/m/n on input line 84.
LaTeX Font Info:    ... okay on input line 84.
 (C:\Users\huang\AppData\Local\Programs\MiKTeX\tex/context/base/mkii\supp-pdf.mkii
[Loading MPS to PDF converter (version 2006.09.02).]
\scratchcounter=\count283
\scratchdimen=\dimen157
\scratchbox=\box55
\nofMPsegments=\count284
\nofMParguments=\count285
\everyMPshowfont=\toks26
\MPscratchCnt=\count286
\MPscratchDim=\dimen158
\MPnumerator=\count287
\makeMPintoPDFobject=\count288
\everyMPtoPDFconversion=\toks27
) (C:\Users\huang\AppData\Local\Programs\MiKTeX\tex/latex/epstopdf-pkg\epstopdf-base.sty
Package: epstopdf-base 2020-01-24 v2.11 Base part for package epstopdf
Package epstopdf-base Info: Redefining graphics rule for `.eps' on input line 485.
 (C:\Users\huang\AppData\Local\Programs\MiKTeX\tex/latex/00miktex\epstopdf-sys.cfg
File: epstopdf-sys.cfg 2021/03/18 v2.0 Configuration of epstopdf for MiKTeX
))
LaTeX Font Info:    Trying to load font information for T1+pcr on input line 86.
 (C:\Users\huang\AppData\Local\Programs\MiKTeX\tex/latex/psnfss\t1pcr.fd
File: t1pcr.fd 2001/06/04 font definitions for T1/pcr.
)
<cc_by.pdf, id=1, 121.45375pt x 43.16125pt>
File: cc_by.pdf Graphic file (type pdf)
<use cc_by.pdf>
Package pdftex.def Info: cc_by.pdf  used on input line 86.
(pdftex.def)             Requested size: 36.02869pt x 12.80365pt.
LaTeX Font Info:    Trying to load font information for TS1+ptm on input line 86.
 (C:\Users\huang\AppData\Local\Programs\MiKTeX\tex/latex/psnfss\ts1ptm.fd
File: ts1ptm.fd 2001/06/04 font definitions for TS1/ptm.
)
LaTeX Font Info:    Trying to load font information for T1+phv on input line 88.
 (C:\Users\huang\AppData\Local\Programs\MiKTeX\tex/latex/psnfss\t1phv.fd
File: t1phv.fd 2020/03/25 scalable font definitions for T1/phv.
)
Underfull \hbox (badness 10000) in paragraph at lines 106--107
[]\T1/ptm/m/n/10 Music Vi-su-al-iza-tion us-ing fre-quen-cies
 []


Underfull \hbox (badness 10000) in paragraph at lines 106--107
\T1/pcr/m/n/10 https : / / gitlab . com / avirzayev /
 []


Underfull \hbox (badness 3942) in paragraph at lines 107--108
[]\T1/ptm/m/n/10 Music Vi-su-al-iza-tion GUI $\T1/pcr/m/n/10 https : / / github .
 []


Underfull \vbox (badness 3049) has occurred while \output is active []


Underfull \hbox (badness 10000) in paragraph at lines 131--132

 []


Underfull \hbox (badness 1331) in paragraph at lines 133--134
[]\T1/ptm/m/n/10 Environmental au-dio was cho-sen for the range of
 []


Underfull \hbox (badness 1558) in paragraph at lines 133--134
\T1/ptm/m/n/10 fre-quen-cies it presents, as well as its rel-a-tively low
 []


Underfull \hbox (badness 10000) in paragraph at lines 133--134

 []


Underfull \hbox (badness 2717) in paragraph at lines 135--136
\T1/ptm/m/n/10 from an as-sort-ment of 6-second Cre-ative Com-mons
 []


Underfull \hbox (badness 10000) in paragraph at lines 135--136

 []


Underfull \hbox (badness 7168) in paragraph at lines 139--140
[]\T1/ptm/m/n/10 Solo Mu-si-cal In-stru-ments Dataset: $\T1/pcr/m/n/10 https :
 []


Underfull \hbox (badness 10000) in paragraph at lines 139--140
\T1/pcr/m/n/10 / / zenodo . org / records / 820937 #
 []


Underfull \hbox (badness 1502) in paragraph at lines 140--141
[]\T1/ptm/m/n/10 Mixed Emo-tional Mu-sic Sound-scape: $\T1/pcr/m/n/10 https :
 []


Underfull \hbox (badness 10000) in paragraph at lines 140--141
\T1/pcr/m/n/10 / / www . metacreation . net / projects /
 []


Underfull \hbox (badness 10000) in paragraph at lines 142--143
[]\T1/ptm/m/n/10 Research Pa-per: $\T1/pcr/m/n/10 https : / / static1 .
 []


Underfull \hbox (badness 10000) in paragraph at lines 142--143
\T1/pcr/m/n/10 squarespace . com / static /
 []


Underfull \hbox (badness 10000) in paragraph at lines 142--143
\T1/pcr/m/n/10 64487a14945a646fa6f7a229 /
 []


Underfull \hbox (badness 10000) in paragraph at lines 142--143
\T1/pcr/m/n/10 t / 64f94111f82e5559e265c0cb /
 []


Underfull \hbox (badness 10000) in paragraph at lines 142--143
\T1/pcr/m/n/10 1715876819379 /
 []


Overfull \hbox (181.18744pt too wide) in paragraph at lines 142--143
\T1/pcr/m/n/10 2017-[]Emo-[]Soundscapes-[]ADatasetforSoundscapeEmotionRecognition .
 []


Underfull \hbox (badness 1460) in paragraph at lines 144--145
[]\T1/ptm/m/n/10 Freesound Loop Dataset: $\T1/pcr/m/n/10 https : / / zenodo .
 []


Underfull \hbox (badness 10000) in paragraph at lines 146--147
[]\T1/ptm/m/n/10 Research Pa-per: $\T1/pcr/m/n/10 https : / / program .
 []

[1{C:/Users/huang/AppData/Local/MiKTeX/fonts/map/pdftex/pdftex.map}{C:/Users/huang/AppData/Local/Programs/MiKTeX/fonts/enc/dvips/base/8r.enc}



 <./cc_by.pdf>]
Underfull \hbox (badness 1728) in paragraph at lines 156--157
[]\T1/ptm/m/n/10 Librosa: li-brary for han-dling sound in-put and
 []


Underfull \hbox (badness 10000) in paragraph at lines 156--157
\T1/ptm/m/n/10 pro-cess-ing $\T1/pcr/m/n/10 https : / / librosa . org / doc /
 []

[2]
Underfull \hbox (badness 4266) in paragraph at lines 332--334
[]\T1/ptm/m/n/10 J. Savels-berg, ``Vi-su-al-iz-ing Mu-sic Struc-ture Us-
 []


Underfull \hbox (badness 8170) in paragraph at lines 332--334
\T1/ptm/m/n/10 ing Spo-tify Data,'' in \T1/ptm/m/it/10 IS-MIR\T1/ptm/m/n/10 , 2021. [On-line].
 []


Underfull \hbox (badness 7291) in paragraph at lines 332--334
\T1/ptm/m/n/10 Avail-able: $\T1/pcr/m/n/10 https : / / archives . ismir . net /
 []


Underfull \hbox (badness 2050) in paragraph at lines 336--338
[]\T1/ptm/m/n/10 E. Isaac-son, ``What You See Is What You Get:
 []


Underfull \hbox (badness 1033) in paragraph at lines 336--338
\T1/ptm/m/n/10 Avail-able: $\T1/pcr/m/n/10 https : / / ismir2005 . ismir . net /
 []


Underfull \hbox (badness 1383) in paragraph at lines 340--342
[]\T1/ptm/m/n/10 T. Takashi, S. Fukayama, and M. Goto, ``In-stru-
 []


Underfull \hbox (badness 1033) in paragraph at lines 344--346
\T1/ptm/m/n/10 Avail-able: $\T1/pcr/m/n/10 https : / / ismir2010 . ismir . net /
 []


Underfull \hbox (badness 1478) in paragraph at lines 354--355
\T1/ptm/m/n/10 pp. 1^^U10, doi: $\T1/pcr/m/n/10 https : / / doi . org / 10 . 1007 /
 []


Underfull \hbox (badness 1527) in paragraph at lines 363--364
[]\T1/ptm/m/n/10 M. La-grange, M. Rossig-nol, and G. Lafay, ``Vi-
 []


Underfull \hbox (badness 1320) in paragraph at lines 363--364
\T1/ptm/m/n/10 in \T1/ptm/m/it/10 IS-MIR\T1/ptm/m/n/10 , 2018. [On-line]. Avail-able: $\T1/pcr/m/n/10 https : / /
 []


Underfull \hbox (badness 1762) in paragraph at lines 366--367
[]\T1/ptm/m/n/10 V.-V. Ek-lund, ``DBR Dataset,'' Zen-odo, Dec. 03,
 []


Underfull \hbox (badness 1454) in paragraph at lines 366--367
\T1/ptm/m/n/10 2017. [On-line]. Avail-able: $\T1/pcr/m/n/10 https : / / doi . org /
 []


Underfull \hbox (badness 2564) in paragraph at lines 372--373
[]\T1/ptm/m/n/10 J. Fan, M. Thoro-good, and P. Pasquier, ``Emo-
 []


Underfull \hbox (badness 1043) in paragraph at lines 372--373
\T1/ptm/m/n/10 Soundscapes: A Dataset for Sound-scape Emo-tion
 []


Underfull \hbox (badness 1960) in paragraph at lines 378--379
[]\T1/ptm/m/n/10 P. Knees, M. Schedl, and M. Goto, ``In-tel-li-gent
 []


Underfull \hbox (badness 4391) in paragraph at lines 378--379
\T1/ptm/m/n/10 User In-ter-faces for mu-sic Dis-cov-ery: the past
 []


Underfull \hbox (badness 1910) in paragraph at lines 378--379
\T1/ptm/m/n/10 20 years and what's to come.'' in \T1/ptm/m/it/10 IS-MIR\T1/ptm/m/n/10 , 2019.
 []

[3] (project_design_specs.aux)
 ***********
LaTeX2e <2023-11-01> patch level 1
L3 programming layer <2024-01-04>
 ***********
 ) 
Here is how much of TeX's memory you used:
 3740 strings out of 474479
 57059 string characters out of 5743591
 1950542 words of memory out of 5000000
 25973 multiletter control sequences out of 15000+600000
 593015 words of font info for 77 fonts, out of 8000000 for 9000
 1141 hyphenation exceptions out of 8191
 72i,8n,79p,834b,346s stack positions out of 10000i,1000n,20000p,200000b,200000s
<C:/Users/huang/AppData/Local/Programs/MiKTeX/fonts/type1/urw/courier/ucrr8a.pfb><C:/Users/huang/AppData/Local/Programs/MiKTeX/fonts/type1/urw/helvetic/uhvr8a.pfb><C:/Users/huang/AppData/Local/Programs/MiKTeX/fonts/type1/urw/times/utmb8a.pfb><C:/Users/huang/AppData/Local/Programs/MiKTeX/fonts/type1/urw/times/utmr8a.pfb><C:/Users/huang/AppData/Local/Programs/MiKTeX/fonts/type1/urw/times/utmri8a.pfb>
Output written on project_design_specs.pdf (3 pages, 87680 bytes).
PDF statistics:
 44 PDF objects out of 1000 (max. 8388607)
 0 named destinations out of 1000 (max. 500000)
 6 words of extra memory for PDF output out of 10000 (max. 10000000)

